<?xml version="1.0" encoding="UTF-8"?>
<!-- Generated by org.testng.reporters.JUnitReportReporter -->
<testsuite hostname="Vista-Ultimate" name="com.qtpselenium.facebook.pom.testcases.ProfileTest" tests="1" failures="0" timestamp="22 Feb 2017 04:43:06 GMT" time="25.206" errors="0">
  <testcase name="testProfile" time="25.206" classname="com.qtpselenium.facebook.pom.testcases.ProfileTest"/>
</testsuite> <!-- com.qtpselenium.facebook.pom.testcases.ProfileTest -->
